Кол-во наблюдений
20
Наблюдения
3.14066; 3.74446; 4.04136; 4.16404; 4.27796; 4.3942; 4.65288; 4.66638; 5.06472; 5.14558; 5.17556; 5.19448; 5.25704; 5.58183; 5.66792; 5.67175; 5.67855; 5.86617; 6.58874; 7.27571; 
Цензурирование
0; 1; 0; 1; 0; 1; 0; 1; 0; 1; 0; 1; 0; 1; 0; 1; 0; 1; 0; 1; 
cp*=4.954539000000
cko*=0.973483121242
Q = 0
Iterations = 69
cp=5.715379205661
cko=1.240033276662
P
0.005; 0.010; 0.025; 0.050; 0.100; 0.200; 0.300; 0.500; 0.700; 0.800; 0.900; 0.950; 0.975; 0.990; 0.995; 
v11=1.077496711196
v12=0.197323812469
v21=0.197323812469
v22=0.740787935367
XpLOW
0.891029469477; 1.351151933951; 2.021886191633; 2.591805914048; 3.236257946200; 3.986011426982; 4.492747990984; 5.240863440905; 5.881035245543; 6.233610126800; 6.698310837950; 7.069311829071; 7.385344418634; 7.748314900979; 7.993488582918; 
XP
2.521265154258; 2.830630428758; 3.284958643772; 3.675705973003; 4.126212618627; 4.671740869685; 5.065105119604; 5.715379205661; 6.365653291718; 6.759017541637; 7.304545792695; 7.755052438320; 8.145799767551; 8.600127982565; 8.909493257064; 
XpUP
3.298866396919; 3.547547616313; 3.917749556167; 4.243092389862; 4.630820748810; 5.130956851238; 5.525478613322; 6.267241652402; 7.116948336766; 7.665631781595; 8.450820653655; 9.112000053635; 9.691230020182; 10.369195735373; 10.832825737300; 
ZP+5.0
2.424170696451; 2.673652125959; 3.040036015460; 3.355146373049; 3.718448434455; 4.158378766427; 4.475599487292; 5.000000000000; 5.524400512708; 5.841621233573; 6.281551565545; 6.644853626951; 6.959963984540; 7.326347874041; 7.575829303549; 
X cens
3.140660000000; 4.041360000000; 4.277960000000; 4.652880000000; 5.064720000000; 5.175560000000; 5.257040000000; 5.667920000000; 5.678550000000; 6.588740000000; 
ZX
3.331608806053; 3.706294589498; 3.969082192425; 4.188399623272; 4.388697574973; 4.583953036010; 4.786322964974; 5.012273702347; 5.297002029093; 5.787735343311; 
