Кол-во наблюдений
20
Наблюдения
0.112288; 0.335921; 0.386; 0.605069; 0.62332; 0.870647; 0.941057; 1.06688; 1.63041; 1.63718; 1.67942; 2.0984; 2.5575; 2.64527; 3.03313; 3.17537; 3.28358; 3.59894; 3.88846; 4.3881; 
Цензурирование
1; 0; 1; 0; 1; 0; 1; 0; 1; 0; 1; 0; 1; 0; 1; 0; 1; 0; 1; 0; 
cp*=0.445481118087
cko*=0.638210969595
Q = 0
Iterations = 589
b=1.633283818314
c=3.348506571953
P
0.025; 0.075; 0.125; 0.175; 0.225; 0.275; 0.325; 0.375; 0.425; 0.475; 0.525; 0.575; 0.625; 0.675; 0.725; 0.775; 0.825; 0.875; 0.925; 0.975; 0.990; 0.995; 
v11=2.081008230573
v12=0.328967448519
v21=0.328967448519
v22=1.335908480148
XpLOW
-2.984662677270; -1.706363675474; -1.103869107731; -0.701977124198; -0.398486340333; -0.154038291912; 0.050652565193; 0.226463049898; 0.380179348341; 0.516430183992; 0.638669803548; 0.749715556606; 0.852052447188; 0.948021753060; 1.039983645155; 1.130550651837; 1.223060443212; 1.322775241198; 1.440977865356; 1.621610043583; 1.730777232600; 1.798569829304; 
XP
-1.042317414981; -0.353700033619; -0.024228237050; 0.199305379344; 0.371602724594; 0.513902983751; 0.636759987802; 0.746246435766; 0.846237615454; 0.939423228288; 1.027821795932; 1.113077857539; 1.196662931466; 1.280046140802; 1.364889509260; 1.453350130023; 1.548681997661; 1.656752138400; 1.791242943075; 2.007715863412; 2.143550727112; 2.229395982396; 
XpUP
-0.388692814210; 0.127021143814; 0.382879398607; 0.563345943367; 0.708730948419; 0.835009105904; 0.950390125341; 1.059818021032; 1.166602658351; 1.273122629273; 1.381182418759; 1.492249094993; 1.607671311180; 1.728935206544; 1.858010579394; 1.997904644966; 2.153757167201; 2.335590930583; 2.567769015789; 2.951100564076; 3.195815679616; 3.351670502634; 
ZP+5.0
1.323752742046; 2.448460368034; 2.986581321960; 3.351675160467; 3.633085626401; 3.865502337025; 4.066162693707; 4.244985137492; 4.408299113249; 4.560497666791; 4.704877616886; 4.844124962723; 4.980643111420; 5.116831557947; 5.255404858742; 5.399886159191; 5.555590155975; 5.732099368086; 5.951761023073; 6.305322740963; 6.527179625808; 6.667389292141; 
X cens
-1.090879265711; -0.502412777868; -0.138518665564; 0.064738501140; 0.492975249583; 0.741175149571; 0.972773139496; 1.155424160988; 1.280639357660; 1.478896331579; 
ZX
2.032373275312; 2.782872037513; 3.252039752948; 3.611541444965; 3.917292193097; 4.197357546078; 4.472276729397; 4.766607321843; 5.136350691069; 6.246502964865; 
