Количество: 20
Наблюдения
-0.932499; -0.925787; -0.340729; -0.108543; 0.0432363; 0.174945; 0.189207; 0.325706; 0.358539; 0.444195; 0.509662; 0.641399; 0.707298; 0.901283; 1.18265; 1.19675; 1.26123; 1.27405; 1.2998; 1.42383; 
R
1; 0; 0; 1; 0; 0; 1; 0; 0; 1; 1; 0; 1; 0; 1; 0; 1; 1; 1; 0; 
cp* =0.379917
cko* =0.705544
A(B) =1.04606
S(C) =0.448962
P
0.005; 0.01; 0.025; 0.05; 0.1; 0.2; 0.3; 0.5; 0.7; 0.8; 0.9; 0.95; 0.975; 0.99; 0.995; 
t11=0.0654705
t12=-0.00753294
t22=0.0349071
X cens
-0.925787; -0.340729; 0.0432363; 0.174945; 0.325706; 0.358539; 0.641399; 0.901283; 1.19675; 1.42383; 
ZX
2.03237; 2.75227; 3.20817; 3.53742; 3.81808; 4.05283; 4.3006; 4.5507; 4.82438; 6.2465; 
XpLOW
-1.52635; -1.19069; -0.745269; -0.405325; -0.0594726; 0.299587; 0.522511; 0.834397; 1.08754; 1.21775; 1.37583; 1.49048; 1.58048; 1.67589; 1.73596; 
XP
-1.33155; -1.01923; -0.604431; -0.287441; 0.0357342; 0.372647; 0.583215; 0.881512; 1.1294; 1.25972; 1.42051; 1.53866; 1.6321; 1.73171; 1.79466; 
XpUP
-1.16587; -0.873171; -0.484085; -0.18629; 0.11804; 0.436801; 0.637508; 0.925755; 1.17133; 1.3033; 1.46872; 1.59175; 1.68975; 1.79474; 1.86131; 
ZP+5.0
-0.295812; 0.399851; 1.32375; 2.0298; 2.74963; 3.50006; 3.96907; 4.63349; 5.18563; 5.47588; 5.83403; 6.09719; 6.30532; 6.52718; 6.66739; 
