Количество: 20
Наблюдения
3.38757; 3.59639; 3.6026; 3.81228; 3.88221; 3.92194; 4.37125; 4.48492; 4.48937; 4.62582; 4.66328; 5.15307; 5.39971; 5.48026; 5.62852; 5.73297; 6.1047; 6.14438; 6.25435; 6.46129; 
R
1; 1; 0; 0; 1; 0; 0; 0; 0; 0; 1; 1; 1; 1; 1; 1; 1; 0; 1; 0; 
cp* =4.65709
cko* =0.998358
A(B) =5.36632
S(C) =1.07101
P
0.005; 0.01; 0.025; 0.05; 0.1; 0.2; 0.3; 0.5; 0.7; 0.8; 0.9; 0.95; 0.975; 0.99; 0.995; 
t11=0.0558856
t12=0.00576958
t22=0.0333485
X cens
3.6026; 3.81228; 3.92194; 4.37125; 4.48492; 4.48937; 4.62582; 6.14438; 6.46129; 
ZX
3.38273; 3.75093; 4.01478; 4.22339; 4.40264; 4.56442; 4.71548; 5.19201; 6.86824; 
XpLOW
2.39111; 2.67609; 3.09372; 3.45173; 3.86245; 4.35525; 4.70593; 5.27373; 5.82617; 6.15464; 6.60566; 6.97558; 7.29522; 7.66591; 7.9179; 
XP
2.60757; 2.87477; 3.26717; 3.60466; 3.99376; 4.46493; 4.80468; 5.36632; 5.92796; 6.26771; 6.73888; 7.12798; 7.46547; 7.85787; 8.12507; 
XpUP
2.79448; 3.04692; 3.41854; 3.73933; 4.11121; 4.56609; 4.89876; 5.46059; 6.0378; 6.39267; 6.88933; 7.30202; 7.66118; 8.07973; 8.36517; 
ZP+5.0
2.42417; 2.67365; 3.04004; 3.35515; 3.71845; 4.15838; 4.4756; 5; 5.5244; 5.84162; 6.28155; 6.64485; 6.95996; 7.32635; 7.57583; 
