n=20
X
5.1636 , 5.9046 , 5.694 , 5.7236 , 5.0933 , 5.2166 , 5.3086 , 4.6841 , 4.9114 , 5.1333 , 5.3719 , 5.7757 , 4.5987 , 5.3671 , 4.7636 , 5.1923 , 4.8399 , 5.2731 , 4.8305 , 5.5079 , 
R
1 , 1 , 0 , 1 , 1 , 0 , 1 , 1 , 0 , 1 , 0 , 1 , 0 , 1 , 1 , 0 , 1 , 0 , 0 , 1 , 
cp*=5.136062500000
cko*=0.343914843852
Q=0.000000000000
icount=68
cp=5.565531977942
cko=0.521172424903
P
0.005000000000 ; 0.010000000000 ; 0.025000000000 ; 0.050000000000 ; 0.100000000000 ; 0.200000000000 ; 0.300000000000 ; 0.500000000000 ; 0.700000000000 ; 0.800000000000 ; 0.900000000000 ; 0.950000000000 ; 0.975000000000 ; 0.990000000000 ; 0.995000000000 ; 
Xplow
5.565531977942 ; 5.565531977942 ; 5.565531977942 ; 5.565531977942 ; 5.565531977942 ; 5.565531977942 ; 5.565531977942 ; 5.364022822266 ; 5.646992213502 ; 5.805175742440 ; 6.012938481781 ; 6.177691966171 ; 6.317349756410 ; 6.477168606418 ; 6.584859480647 ; 
Xp
4.223080773675 ; 4.353103615260 ; 4.544052795396 ; 4.708279624573 ; 4.897622640889 ; 5.126902198791 ; 5.292228891114 ; 5.565531977942 ; 5.838835064771 ; 6.004161757093 ; 6.233441314995 ; 6.422784331311 ; 6.587011160488 ; 6.777960340624 ; 6.907983182209 ; 
Xpup
4.546204475237 ; 4.653895349466 ; 4.813714199474 ; 4.953371989713 ; 5.118125474103 ; 5.325888213444 ; 5.484071742382 ; 5.767041133618 ; 6.079349130174 ; 6.280246767184 ; 6.569305363298 ; 6.814261985535 ; 7.029788074530 ; 7.282876908803 ; 7.456340961749 ; 
v11=1.800641391564
v12=0.829922278829
v21=0.829922278829
v22=1.299765215515
